g:\programmıng\bloodstaıned\bloodstaıned\bloodstaıned\x64\debug\vc140.pdb
g:\programmıng\bloodstaıned\bloodstaıned\bloodstaıned\x64\debug\vc140.ıdb
g:\programmıng\bloodstaıned\bloodstaıned\bloodstaıned\x64\debug\bs_wındowsmaın.obj
g:\programmıng\bloodstaıned\bloodstaıned\bloodstaıned\x64\debug\bs_wındowsopengl.obj
g:\programmıng\bloodstaıned\bloodstaıned\bloodstaıned\x64\debug\bs_camera.obj
g:\programmıng\bloodstaıned\bloodstaıned\bloodstaıned\x64\debug\bs_camera2d.obj
g:\programmıng\bloodstaıned\bloodstaıned\bloodstaıned\x64\debug\bs_camera3d.obj
g:\programmıng\bloodstaıned\bloodstaıned\bloodstaıned\x64\debug\bs_color.obj
g:\programmıng\bloodstaıned\bloodstaıned\bloodstaıned\x64\debug\bs_debugrenderer.obj
g:\programmıng\bloodstaıned\bloodstaıned\bloodstaıned\x64\debug\bs_opengl.obj
g:\programmıng\bloodstaıned\bloodstaıned\bloodstaıned\x64\debug\bs_quadrenderer.obj
g:\programmıng\bloodstaıned\bloodstaıned\bloodstaıned\x64\debug\bs_renderbufferobjects.obj
g:\programmıng\bloodstaıned\bloodstaıned\bloodstaıned\x64\debug\bs_rendermanager.obj
g:\programmıng\bloodstaıned\bloodstaıned\bloodstaıned\x64\debug\bs_screen.obj
g:\programmıng\bloodstaıned\bloodstaıned\bloodstaıned\x64\debug\bs_shadermanager.obj
g:\programmıng\bloodstaıned\bloodstaıned\bloodstaıned\x64\debug\bs_shader.obj
g:\programmıng\bloodstaıned\bloodstaıned\bloodstaıned\x64\debug\bs_sprıte.obj
g:\programmıng\bloodstaıned\bloodstaıned\bloodstaıned\x64\debug\bs_sprıtemanager.obj
g:\programmıng\bloodstaıned\bloodstaıned\bloodstaıned\x64\debug\bs_texture2d.obj
g:\programmıng\bloodstaıned\bloodstaıned\bloodstaıned\x64\debug\bs_clock.obj
g:\programmıng\bloodstaıned\bloodstaıned\bloodstaıned\x64\debug\bs_error.obj
g:\programmıng\bloodstaıned\bloodstaıned\bloodstaıned\x64\debug\bs_strıng.obj
g:\programmıng\bloodstaıned\bloodstaıned\bloodstaıned\x64\debug\bs_resourcemanager.obj
g:\programmıng\bloodstaıned\bloodstaıned\bloodstaıned\x64\debug\bs_ımageloader.obj
g:\programmıng\bloodstaıned\bloodstaıned\bloodstaıned\x64\debug\bs_game.obj
g:\programmıng\bloodstaıned\bloodstaıned\bloodstaıned\x64\debug\bs_level.obj
g:\programmıng\bloodstaıned\bloodstaıned\bloodstaıned\x64\debug\bs_ınputmanager.obj
g:\programmıng\bloodstaıned\bloodstaıned\bloodstaıned\x64\debug\bs_keyboard.obj
g:\programmıng\bloodstaıned\bloodstaıned\bloodstaıned\x64\debug\bs_mouse.obj
g:\programmıng\bloodstaıned\bloodstaıned\bloodstaıned\x64\debug\bs_matrıx3x3.obj
g:\programmıng\bloodstaıned\bloodstaıned\bloodstaıned\x64\debug\bs_matrıx4x4.obj
g:\programmıng\bloodstaıned\bloodstaıned\bloodstaıned\x64\debug\bs_quaternıon.obj
g:\programmıng\bloodstaıned\bloodstaıned\bloodstaıned\x64\debug\bs_rect.obj
g:\programmıng\bloodstaıned\bloodstaıned\bloodstaıned\x64\debug\bs_vector2.obj
g:\programmıng\bloodstaıned\bloodstaıned\bloodstaıned\x64\debug\bs_vector3.obj
g:\programmıng\bloodstaıned\bloodstaıned\bloodstaıned\x64\debug\bs_vector4.obj
g:\programmıng\bloodstaıned\bloodstaıned\bloodstaıned\x64\debug\bs_transform2d.obj
g:\programmıng\bloodstaıned\bloodstaıned\bloodstaıned\x64\debug\bs_shape2d.obj
g:\programmıng\bloodstaıned\bloodstaıned\bloodstaıned\x64\debug\bs_ray3d.obj
g:\programmıng\bloodstaıned\bloodstaıned\bloodstaıned\x64\debug\bs_wındowserror.obj
g:\programmıng\bloodstaıned\bloodstaıned\bloodstaıned\x64\debug\bs_wındowsfılesystem.obj
g:\programmıng\bloodstaıned\bloodstaıned\bloodstaıned\x64\debug\bs_wındowsınput.obj
g:\programmıng\bloodstaıned\bloodstaıned\bloodstaıned\x64\debug\bs_memory.obj
g:\programmıng\bloodstaıned\bloodstaıned\bloodstaıned\x64\debug\bs_pool.obj
g:\programmıng\bloodstaıned\bloodstaıned\bloodstaıned\x64\debug\bs_stackallocator.obj
g:\programmıng\bloodstaıned\bloodstaıned\bloodstaıned\x64\debug\bs_hashmap.obj
g:\programmıng\bloodstaıned\bloodstaıned\bloodstaıned\x64\debug\bs_murmurhash.obj
g:\programmıng\bloodstaıned\bloodstaıned\bloodstaıned\x64\debug\lodepng.obj
g:\programmıng\bloodstaıned\bloodstaıned\bloodstaıned\x64\debug\bs_fılesystem.obj
g:\programmıng\bloodstaıned\bloodstaıned\bloodstaıned\x64\debug\bs_path.obj
g:\programmıng\bloodstaıned\bloodstaıned\bloodstaıned\x64\debug\bs_resource.obj
g:\programmıng\bloodstaıned\bloodstaıned\bloodstaıned\x64\debug\bs_physıcs2d.obj
g:\programmıng\bloodstaıned\bloodstaıned\bloodstaıned\x64\debug\bs_gjk2d.obj
g:\programmıng\bloodstaıned\bloodstaıned\bloodstaıned\x64\debug\body2d.obj
g:\programmıng\bloodstaıned\bloodstaıned\bloodstaıned\x64\debug\bs_body2d.obj
g:\programmıng\bloodstaıned\bloodstaıned\bloodstaıned\x64\debug\bs_physıcsmanager2d.obj
g:\programmıng\bloodstaıned\bloodstaıned\x64\debug\bloodstaıned.ılk
g:\programmıng\bloodstaıned\bloodstaıned\x64\debug\bloodstaıned.exe
g:\programmıng\bloodstaıned\bloodstaıned\x64\debug\bloodstaıned.pdb
g:\programming\bloodstained\bloodstained\bloodstained\x64\debug\body2d.obj
g:\programming\bloodstained\bloodstained\bloodstained\x64\debug\bs_body2d.obj
g:\programming\bloodstained\bloodstained\bloodstained\x64\debug\bs_camera.obj
g:\programming\bloodstained\bloodstained\bloodstained\x64\debug\bs_camera2d.obj
g:\programming\bloodstained\bloodstained\bloodstained\x64\debug\bs_camera3d.obj
g:\programming\bloodstained\bloodstained\bloodstained\x64\debug\bs_clock.obj
g:\programming\bloodstained\bloodstained\bloodstained\x64\debug\bs_color.obj
g:\programming\bloodstained\bloodstained\bloodstained\x64\debug\bs_debugrenderer.obj
g:\programming\bloodstained\bloodstained\bloodstained\x64\debug\bs_error.obj
g:\programming\bloodstained\bloodstained\bloodstained\x64\debug\bs_filesystem.obj
g:\programming\bloodstained\bloodstained\bloodstained\x64\debug\bs_game.obj
g:\programming\bloodstained\bloodstained\bloodstained\x64\debug\bs_gjk2d.obj
g:\programming\bloodstained\bloodstained\bloodstained\x64\debug\bs_hashmap.obj
g:\programming\bloodstained\bloodstained\bloodstained\x64\debug\bs_ımageloader.obj
g:\programming\bloodstained\bloodstained\bloodstained\x64\debug\bs_ınputmanager.obj
g:\programming\bloodstained\bloodstained\bloodstained\x64\debug\bs_keyboard.obj
g:\programming\bloodstained\bloodstained\bloodstained\x64\debug\bs_level.obj
g:\programming\bloodstained\bloodstained\bloodstained\x64\debug\bs_matrix3x3.obj
g:\programming\bloodstained\bloodstained\bloodstained\x64\debug\bs_matrix4x4.obj
g:\programming\bloodstained\bloodstained\bloodstained\x64\debug\bs_memory.obj
g:\programming\bloodstained\bloodstained\bloodstained\x64\debug\bs_mouse.obj
g:\programming\bloodstained\bloodstained\bloodstained\x64\debug\bs_murmurhash.obj
g:\programming\bloodstained\bloodstained\bloodstained\x64\debug\bs_opengl.obj
g:\programming\bloodstained\bloodstained\bloodstained\x64\debug\bs_path.obj
g:\programming\bloodstained\bloodstained\bloodstained\x64\debug\bs_physics2d.obj
g:\programming\bloodstained\bloodstained\bloodstained\x64\debug\bs_physicsmanager2d.obj
g:\programming\bloodstained\bloodstained\bloodstained\x64\debug\bs_pool.obj
g:\programming\bloodstained\bloodstained\bloodstained\x64\debug\bs_quadrenderer.obj
g:\programming\bloodstained\bloodstained\bloodstained\x64\debug\bs_quaternion.obj
g:\programming\bloodstained\bloodstained\bloodstained\x64\debug\bs_ray3d.obj
g:\programming\bloodstained\bloodstained\bloodstained\x64\debug\bs_rect.obj
g:\programming\bloodstained\bloodstained\bloodstained\x64\debug\bs_renderbufferobjects.obj
g:\programming\bloodstained\bloodstained\bloodstained\x64\debug\bs_rendermanager.obj
g:\programming\bloodstained\bloodstained\bloodstained\x64\debug\bs_resource.obj
g:\programming\bloodstained\bloodstained\bloodstained\x64\debug\bs_resourcemanager.obj
g:\programming\bloodstained\bloodstained\bloodstained\x64\debug\bs_screen.obj
g:\programming\bloodstained\bloodstained\bloodstained\x64\debug\bs_shader.obj
g:\programming\bloodstained\bloodstained\bloodstained\x64\debug\bs_shadermanager.obj
g:\programming\bloodstained\bloodstained\bloodstained\x64\debug\bs_shape2d.obj
g:\programming\bloodstained\bloodstained\bloodstained\x64\debug\bs_sprite.obj
g:\programming\bloodstained\bloodstained\bloodstained\x64\debug\bs_spritemanager.obj
g:\programming\bloodstained\bloodstained\bloodstained\x64\debug\bs_stackallocator.obj
g:\programming\bloodstained\bloodstained\bloodstained\x64\debug\bs_string.obj
g:\programming\bloodstained\bloodstained\bloodstained\x64\debug\bs_texture2d.obj
g:\programming\bloodstained\bloodstained\bloodstained\x64\debug\bs_transform2d.obj
g:\programming\bloodstained\bloodstained\bloodstained\x64\debug\bs_vector2.obj
g:\programming\bloodstained\bloodstained\bloodstained\x64\debug\bs_vector3.obj
g:\programming\bloodstained\bloodstained\bloodstained\x64\debug\bs_vector4.obj
g:\programming\bloodstained\bloodstained\bloodstained\x64\debug\bs_windowserror.obj
g:\programming\bloodstained\bloodstained\bloodstained\x64\debug\bs_windowsfilesystem.obj
g:\programming\bloodstained\bloodstained\bloodstained\x64\debug\bs_windowsınput.obj
g:\programming\bloodstained\bloodstained\bloodstained\x64\debug\bs_windowsmain.obj
g:\programming\bloodstained\bloodstained\bloodstained\x64\debug\bs_windowsopengl.obj
g:\programming\bloodstained\bloodstained\bloodstained\x64\debug\lodepng.obj
g:\programming\bloodstained\bloodstained\bloodstained\x64\debug\bs_gjk2d.obj.enc
g:\programming\bloodstained\bloodstained\bloodstained\x64\debug\bs_shape2d.obj.enc
g:\programming\bloodstained\bloodstained\bloodstained\x64\debug\vc140.idb
g:\programming\bloodstained\bloodstained\bloodstained\x64\debug\vc140.pdb
g:\programming\bloodstained\bloodstained\x64\debug\bloodstained.pdb
g:\programming\bloodstained\bloodstained\x64\debug\bloodstained.exe
g:\programming\bloodstained\bloodstained\x64\debug\bloodstained.ilk
g:\programming\bloodstained\bloodstained\bloodstained\x64\debug\bloodstained.tlog\cl.command.1.tlog
g:\programming\bloodstained\bloodstained\bloodstained\x64\debug\bloodstained.tlog\cl.read.1.tlog
g:\programming\bloodstained\bloodstained\bloodstained\x64\debug\bloodstained.tlog\cl.write.1.tlog
g:\programming\bloodstained\bloodstained\bloodstained\x64\debug\bloodstained.tlog\link.command.1.tlog
g:\programming\bloodstained\bloodstained\bloodstained\x64\debug\bloodstained.tlog\link.read.1.tlog
g:\programming\bloodstained\bloodstained\bloodstained\x64\debug\bloodstained.tlog\link.write.1.tlog
