  bs_Level.cpp
d:\programming\bloodstained\bloodstained\bloodstained\math\bs_math.h(213): warning C4244: '=': conversion from 'ui64' to 'byte', possible loss of data
d:\programming\bloodstained\bloodstained\bloodstained\math\bs_math.h(215): warning C4244: '=': conversion from 'ui64' to 'byte', possible loss of data
d:\programming\bloodstained\bloodstained\bloodstained\math\bs_math.h(216): warning C4244: '=': conversion from 'ui64' to 'byte', possible loss of data
d:\programming\bloodstained\bloodstained\bloodstained\math\bs_math.h(217): warning C4244: '=': conversion from 'ui64' to 'byte', possible loss of data
d:\programming\bloodstained\bloodstained\bloodstained\containers\bs_array.h(491): warning C4067: unexpected tokens following preprocessor directive - expected a newline
d:\programming\bloodstained\bloodstained\bloodstained\containers\bs_hashmap.h(39): warning C4267: 'initializing': conversion from 'size_t' to 'int', possible loss of data
d:\programming\bloodstained\bloodstained\bloodstained\containers\bs_hashmap.h(48): warning C4267: 'initializing': conversion from 'size_t' to 'int', possible loss of data
d:\programming\bloodstained\bloodstained\bloodstained\containers\bs_linkedarray.h(539): warning C4067: unexpected tokens following preprocessor directive - expected a newline
d:\programming\bloodstained\bloodstained\bloodstained\containers\bs_linkedarray.h(1091): warning C4067: unexpected tokens following preprocessor directive - expected a newline
d:\programming\bloodstained\bloodstained\bloodstained\utilities\bs_string.h(36): warning C4267: 'return': conversion from 'size_t' to 'const ui32', possible loss of data
d:\programming\bloodstained\bloodstained\bloodstained\utilities\bs_string.h(37): warning C4267: 'return': conversion from 'size_t' to 'const ui32', possible loss of data
d:\programming\bloodstained\bloodstained\bloodstained\fileio\bs_resourcemanager.h(84): warning C4267: 'return': conversion from 'size_t' to 'ui32', possible loss of data
d:\programming\bloodstained\bloodstained\bloodstained\rendering\bs_renderbufferobjects.h(75): warning C4267: 'return': conversion from 'size_t' to 'ui32', possible loss of data
d:\programming\bloodstained\bloodstained\bloodstained\rendering\bs_rendermanager.h(20): warning C4099: 'bs::ColorRGBAf': type name first seen using 'struct' now seen using 'class'
  d:\programming\bloodstained\bloodstained\bloodstained\rendering\bs_color.h(54): note: see declaration of 'bs::ColorRGBAf'
d:\programming\bloodstained\bloodstained\bloodstained\game\bs_level.cpp(64): warning C4244: 'argument': conversion from 'ui32' to 'real', possible loss of data
d:\programming\bloodstained\bloodstained\bloodstained\game\bs_level.cpp(147): warning C4244: 'argument': conversion from 'double' to 'real', possible loss of data
d:\programming\bloodstained\bloodstained\bloodstained\game\bs_level.cpp(148): warning C4244: 'argument': conversion from 'double' to 'real', possible loss of data
d:\programming\bloodstained\bloodstained\bloodstained\game\bs_level.cpp(150): warning C4305: 'argument': truncation from 'double' to 'real'
d:\programming\bloodstained\bloodstained\bloodstained\game\bs_level.cpp(151): warning C4305: 'argument': truncation from 'double' to 'real'
d:\programming\bloodstained\bloodstained\bloodstained\game\bs_level.cpp(280): warning C4018: '<': signed/unsigned mismatch
d:\programming\bloodstained\bloodstained\bloodstained\containers\bs_array.h(231): warning C4267: 'argument': conversion from 'size_t' to 'ui32', possible loss of data
  d:\programming\bloodstained\bloodstained\bloodstained\containers\bs_array.h(226): note: while compiling class template member function 'void bs::Array<bs::Camera *>::reserve(ptrsize)'
  d:\programming\bloodstained\bloodstained\bloodstained\containers\bs_array.h(197): note: see reference to function template instantiation 'void bs::Array<bs::Camera *>::reserve(ptrsize)' being compiled
  d:\programming\bloodstained\bloodstained\bloodstained\containers\bs_array.h(177): note: while compiling class template member function 'bs::Array<bs::Camera *>::Array(const bs::Array<bs::Camera *> &)'
  d:\programming\bloodstained\bloodstained\bloodstained\game\bs_level.cpp(29): note: see reference to function template instantiation 'bs::Array<bs::Camera *>::Array(const bs::Array<bs::Camera *> &)' being compiled
  d:\programming\bloodstained\bloodstained\bloodstained\game\bs_level.h(26): note: see reference to class template instantiation 'bs::Array<bs::Camera *>' being compiled
d:\programming\bloodstained\bloodstained\bloodstained\containers\bs_array.h(393): warning C4267: 'argument': conversion from 'size_t' to 'ui32', possible loss of data
  d:\programming\bloodstained\bloodstained\bloodstained\containers\bs_array.h(388): note: while compiling class template member function 'void bs::Array<bs::Camera *>::_copy(const bs::Array<bs::Camera *> &)'
  d:\programming\bloodstained\bloodstained\bloodstained\containers\bs_array.h(181): note: see reference to function template instantiation 'void bs::Array<bs::Camera *>::_copy(const bs::Array<bs::Camera *> &)' being compiled
d:\programming\bloodstained\bloodstained\bloodstained\containers\bs_array.h(369): warning C4267: 'argument': conversion from 'size_t' to 'ui32', possible loss of data
  d:\programming\bloodstained\bloodstained\bloodstained\containers\bs_array.h(364): note: while compiling class template member function 'bs::Camera **bs::Array<bs::Camera *>::_allocate(ptrsize)'
  d:\programming\bloodstained\bloodstained\bloodstained\containers\bs_array.h(235): note: see reference to function template instantiation 'bs::Camera **bs::Array<bs::Camera *>::_allocate(ptrsize)' being compiled
  d:\programming\bloodstained\bloodstained\bloodstained\containers\bs_array.h(226): note: while compiling class template member function 'void bs::Array<bs::Camera *>::reserve(ptrsize)'
  d:\programming\bloodstained\bloodstained\bloodstained\containers\bs_array.h(197): note: see reference to function template instantiation 'void bs::Array<bs::Camera *>::reserve(ptrsize)' being compiled
  BloodStained.vcxproj -> D:\Programming\BloodStained\BloodStained\x64\Debug\BloodStained.exe
