g:\programmıng\bloodstaıned\bloodstaıned\bloodstaıned\debug\vc140.pdb
g:\programmıng\bloodstaıned\bloodstaıned\bloodstaıned\debug\vc140.ıdb
g:\programmıng\bloodstaıned\bloodstaıned\bloodstaıned\debug\bs_wındowsmaın.obj
g:\programmıng\bloodstaıned\bloodstaıned\bloodstaıned\debug\applıcatıon.obj
g:\programmıng\bloodstaıned\bloodstaıned\bloodstaıned\debug\bs_wındowserror.obj
g:\programmıng\bloodstaıned\bloodstaıned\bloodstaıned\debug\bs_error.obj
g:\programmıng\bloodstaıned\bloodstaıned\bloodstaıned\debug\bs_game.obj
g:\programmıng\bloodstaıned\bloodstaıned\bloodstaıned\debug\bs_wındowsopengl.obj
g:\programmıng\bloodstaıned\bloodstaıned\bloodstaıned\debug\bs_matrıx3x3.obj
g:\programmıng\bloodstaıned\bloodstaıned\bloodstaıned\debug\bs_matrıx4x4.obj
g:\programmıng\bloodstaıned\bloodstaıned\bloodstaıned\debug\bs_quaternıon.obj
g:\programmıng\bloodstaıned\bloodstaıned\bloodstaıned\debug\bs_rect.obj
g:\programmıng\bloodstaıned\bloodstaıned\bloodstaıned\debug\bs_vector2.obj
g:\programmıng\bloodstaıned\bloodstaıned\bloodstaıned\debug\bs_vector3.obj
g:\programmıng\bloodstaıned\bloodstaıned\bloodstaıned\debug\bs_vector4.obj
g:\programmıng\bloodstaıned\bloodstaıned\bloodstaıned\debug\bs_strıng.obj
g:\programmıng\bloodstaıned\bloodstaıned\bloodstaıned\debug\bs_memory.obj
g:\programmıng\bloodstaıned\bloodstaıned\bloodstaıned\debug\bs_pool.obj
g:\programmıng\bloodstaıned\bloodstaıned\bloodstaıned\debug\bs_stackallocator.obj
g:\programmıng\bloodstaıned\bloodstaıned\bloodstaıned\debug\bs_murmurhash.obj
g:\programmıng\bloodstaıned\bloodstaıned\bloodstaıned\debug\bs_hashmap.obj
g:\programmıng\bloodstaıned\bloodstaıned\bloodstaıned\debug\bs_wındowsfılesystem.obj
g:\programmıng\bloodstaıned\bloodstaıned\bloodstaıned\debug\lodepng.obj
g:\programmıng\bloodstaıned\bloodstaıned\bloodstaıned\debug\bs_fılesystem.obj
g:\programmıng\bloodstaıned\bloodstaıned\bloodstaıned\debug\bs_path.obj
g:\programmıng\bloodstaıned\bloodstaıned\bloodstaıned\debug\bs_resource.obj
g:\programmıng\bloodstaıned\bloodstaıned\bloodstaıned\debug\bs_resourcemanager.obj
g:\programmıng\bloodstaıned\bloodstaıned\bloodstaıned\debug\bs_shadermanager.obj
g:\programmıng\bloodstaıned\bloodstaıned\bloodstaıned\debug\bs_opengl.obj
g:\programmıng\bloodstaıned\bloodstaıned\bloodstaıned\debug\bs_shader.obj
g:\programmıng\bloodstaıned\bloodstaıned\bloodstaıned\debug\bs_color.obj
g:\programmıng\bloodstaıned\bloodstaıned\debug\bloodstaıned.ılk
g:\programmıng\bloodstaıned\bloodstaıned\debug\bloodstaıned.exe
g:\programmıng\bloodstaıned\bloodstaıned\debug\bloodstaıned.pdb
g:\programming\bloodstained\bloodstained\bloodstained\debug\application.obj
g:\programming\bloodstained\bloodstained\bloodstained\debug\bs_color.obj
g:\programming\bloodstained\bloodstained\bloodstained\debug\bs_error.obj
g:\programming\bloodstained\bloodstained\bloodstained\debug\bs_filesystem.obj
g:\programming\bloodstained\bloodstained\bloodstained\debug\bs_game.obj
g:\programming\bloodstained\bloodstained\bloodstained\debug\bs_hashmap.obj
g:\programming\bloodstained\bloodstained\bloodstained\debug\bs_matrix3x3.obj
g:\programming\bloodstained\bloodstained\bloodstained\debug\bs_matrix4x4.obj
g:\programming\bloodstained\bloodstained\bloodstained\debug\bs_memory.obj
g:\programming\bloodstained\bloodstained\bloodstained\debug\bs_murmurhash.obj
g:\programming\bloodstained\bloodstained\bloodstained\debug\bs_opengl.obj
g:\programming\bloodstained\bloodstained\bloodstained\debug\bs_path.obj
g:\programming\bloodstained\bloodstained\bloodstained\debug\bs_pool.obj
g:\programming\bloodstained\bloodstained\bloodstained\debug\bs_quaternion.obj
g:\programming\bloodstained\bloodstained\bloodstained\debug\bs_rect.obj
g:\programming\bloodstained\bloodstained\bloodstained\debug\bs_resource.obj
g:\programming\bloodstained\bloodstained\bloodstained\debug\bs_resourcemanager.obj
g:\programming\bloodstained\bloodstained\bloodstained\debug\bs_shader.obj
g:\programming\bloodstained\bloodstained\bloodstained\debug\bs_shadermanager.obj
g:\programming\bloodstained\bloodstained\bloodstained\debug\bs_stackallocator.obj
g:\programming\bloodstained\bloodstained\bloodstained\debug\bs_string.obj
g:\programming\bloodstained\bloodstained\bloodstained\debug\bs_vector2.obj
g:\programming\bloodstained\bloodstained\bloodstained\debug\bs_vector3.obj
g:\programming\bloodstained\bloodstained\bloodstained\debug\bs_vector4.obj
g:\programming\bloodstained\bloodstained\bloodstained\debug\bs_windowserror.obj
g:\programming\bloodstained\bloodstained\bloodstained\debug\bs_windowsfilesystem.obj
g:\programming\bloodstained\bloodstained\bloodstained\debug\bs_windowsmain.obj
g:\programming\bloodstained\bloodstained\bloodstained\debug\bs_windowsopengl.obj
g:\programming\bloodstained\bloodstained\bloodstained\debug\lodepng.obj
g:\programming\bloodstained\bloodstained\bloodstained\debug\bs_shadermanager.obj.enc
g:\programming\bloodstained\bloodstained\bloodstained\debug\vc140.idb
g:\programming\bloodstained\bloodstained\bloodstained\debug\vc140.pdb
g:\programming\bloodstained\bloodstained\debug\bloodstained.pdb
g:\programming\bloodstained\bloodstained\debug\bloodstained.exe
g:\programming\bloodstained\bloodstained\debug\bloodstained.ilk
g:\programming\bloodstained\bloodstained\bloodstained\debug\bloodstained.tlog\cl.command.1.tlog
g:\programming\bloodstained\bloodstained\bloodstained\debug\bloodstained.tlog\cl.read.1.tlog
g:\programming\bloodstained\bloodstained\bloodstained\debug\bloodstained.tlog\cl.write.1.tlog
g:\programming\bloodstained\bloodstained\bloodstained\debug\bloodstained.tlog\link.command.1.tlog
g:\programming\bloodstained\bloodstained\bloodstained\debug\bloodstained.tlog\link.read.1.tlog
g:\programming\bloodstained\bloodstained\bloodstained\debug\bloodstained.tlog\link.write.1.tlog
